\BOOKMARK [0][-]{chapter.1}{\376\377\000\332\000v\000o\000d}{}% 1
\BOOKMARK [0][-]{chapter.2}{\376\377\000R\000e\000g\000i\000s\000t\000e\000r\000\040\000\372\000z\000e\000m\000n\000\375\000c\000h\000\040\000a\000d\000r\000i\000e\000s\000\040\000a\000\040\000n\000e\000h\000n\000u\000t\000e\001\076\000n\000o\000s\000t\000\355}{}% 2
\BOOKMARK [1][-]{section.2.1}{\376\377\000T\000y\000p\000y\000\040\000p\000o\000s\000k\000y\000t\000o\000v\000a\000n\000i\000a\000\040\000\372\000d\000a\000j\000o\000v\000\040\000z\000\040\000r\000e\000g\000i\000s\000t\000r\000a\000\040\000\372\000z\000e\000m\000n\000e\000j\000\040\000i\000d\000e\000n\000t\000i\000f\000i\000k\000\341\000c\000i\000e\000\040\000a\000d\000r\000i\000e\000s\000\040\000a\000\040\000n\000e\000h\000n\000u\000t\000e\001\076\000n\000o\000s\000t\000\355}{chapter.2}% 3
\BOOKMARK [2][-]{subsection.2.1.1}{\376\377\000A\000p\000l\000i\000k\000\341\000c\000i\000a\000\040\000v\000e\000r\000e\000j\000n\000\351\000h\000o\000\040\001\017\000i\000a\001\076\000k\000o\000v\000\351\000h\000o\000\040\000p\000r\000\355\000s\000t\000u\000p\000u}{section.2.1}% 4
\BOOKMARK [2][-]{subsection.2.1.2}{\376\377\000W\000e\000b\000o\000v\000\351\000\040\000s\000l\000u\001\176\000b\000y\000\040\000z\000\341\000k\000l\000a\000d\000n\000\375\000c\000h\000\040\000r\000e\000g\000i\000s\000t\000r\000o\000v}{section.2.1}% 5
\BOOKMARK [2][-]{subsection.2.1.3}{\376\377\000V\000\375\000m\000e\000n\000n\000\375\000\040\000f\000o\000r\000m\000\341\000t\000\040\000R\000\332\000I\000A\000N}{section.2.1}% 6
\BOOKMARK [2][-]{subsection.2.1.4}{\376\377\000S\000\372\000b\000o\000r\000y\000\040\000s\000\040\000h\000o\000d\000n\000o\000t\000a\000m\000i\000\040\000o\000d\000d\000e\000l\000e\000n\000\375\000m\000i\000\040\001\015\000i\000a\000r\000k\000a\000m\000i}{section.2.1}% 7
\BOOKMARK [1][-]{section.2.2}{\376\377\000K\000o\000m\000u\000\040\000s\000e\000\040\000p\000\355\001\141\000e\000\040\000d\000i\000p\000l\000o\000m\000k\000a}{chapter.2}% 8
\BOOKMARK [1][-]{section.2.3}{\376\377\000S\000t\000r\000u\000k\000t\000u\000r\000a\000\040\000d\000i\000p\000l\000o\000m\000o\000v\000\351\000\040\000p\000r\000\341\000c\000e\000\040\040\023\000\040\000P\001\033\000t\000\040\000k\000a\000p\000i\000t\000o\000l}{chapter.2}% 9
\BOOKMARK [1][-]{section.2.4}{\376\377\000D\000i\000p\000l\000o\000m\000k\000a\000\040\040\023\000\040\000k\000o\000m\000i\000k\000s\000o\000v\000\341\000\040\000e\000d\000i\000c\000e}{chapter.2}% 10
\BOOKMARK [1][-]{section.2.5}{\376\377\000J\000a\000k\000\040\000p\000o\000j\000m\000e\000n\000o\000v\000a\000t\000\040\000k\000a\000p\000i\000t\000o\000l\000y}{chapter.2}% 11
\BOOKMARK [1][-]{section.2.6}{\376\377\000O\000b\000e\000c\000n\000\351\000\040\000r\000a\000d\000y\000\040\000z\000k\000u\001\141\000e\000n\000\375\000c\000h\000\040\000v\000e\000d\000o\000u\000c\000\355\000c\000h}{chapter.2}% 12
\BOOKMARK [0][-]{chapter.3}{\376\377\000J\000e\000d\000n\000o\000t\000l\000i\000v\000\351\000\040\000k\000a\000p\000i\000t\000o\000l\000y\000\040\000p\000r\000\341\000c\000e}{}% 13
\BOOKMARK [1][-]{section.3.1}{\376\377\000O\000b\000s\000a\000h}{chapter.3}% 14
\BOOKMARK [1][-]{section.3.2}{\376\377\000\332\000v\000o\000d}{chapter.3}% 15
\BOOKMARK [1][-]{section.3.3}{\376\377\000S\000h\000r\000n\000u\000t\000\355\000\040\000d\000o\000s\000a\000v\000a\000d\000n\000\355\000h\000o\000\040\000s\000t\000a\000v\000u}{chapter.3}% 16
\BOOKMARK [1][-]{section.3.4}{\376\377\000D\000a\000t\000a}{chapter.3}% 17
\BOOKMARK [1][-]{section.3.5}{\376\377\000Z\000h\000o\000d\000n\000o\000c\000e\000n\000\355\000\040\000s\000o\000u\001\015\000a\000s\000n\000\351\000h\000o\000\040\000s\000t\000a\000v\000u\000\040\000a\000\040\000p\000l\000\341\000n\000\040\000p\000r\000\341\000c\000e\000\040\000\050\000n\000\341\000v\000r\000h\000\051}{chapter.3}% 18
\BOOKMARK [1][-]{section.3.6}{\376\377\000U\001\176\000i\000v\000a\000t\000e\000l\000s\000k\000\351\000\040\000r\000o\000z\000h\000r\000a\000n\000\355}{chapter.3}% 19
\BOOKMARK [1][-]{section.3.7}{\376\377\000I\000m\000p\000l\000e\000m\000e\000n\000t\000a\000c\000e}{chapter.3}% 20
\BOOKMARK [1][-]{section.3.8}{\376\377\000T\000e\000s\000t\000o\000v\000\341\000n\000\355}{chapter.3}% 21
\BOOKMARK [1][-]{section.3.9}{\376\377\000Z\000\341\000v\001\033\000r}{chapter.3}% 22
\BOOKMARK [1][-]{section.3.10}{\376\377\000P\001\131\000\355\000l\000o\000h\000y}{chapter.3}% 23
\BOOKMARK [0][-]{chapter.4}{\376\377\000P\000r\000a\000v\000i\000d\000l\000a\000\040\000p\000r\000o\000\040\000b\000i\000b\000l\000i\000o\000g\000r\000a\000f\000i\000c\000k\000\351\000\040\000c\000i\000t\000a\000c\000e}{}% 24
\BOOKMARK [1][-]{section.4.1}{\376\377\000D\000e\000f\000i\000n\000i\000c\000e\000\040\000p\000o\000j\000m\001\157}{chapter.4}% 25
\BOOKMARK [1][-]{section.4.2}{\376\377\000P\001\131\000e\000b\000\355\000r\000\341\000n\000\355\000\040\000c\000i\000z\000\355\000c\000h\000\040\000t\000e\000x\000t\001\157}{chapter.4}% 26
\BOOKMARK [1][-]{section.4.3}{\376\377\000Z\000\341\000k\000l\000a\000d\000n\000\355\000\040\000p\000r\000i\000n\000c\000i\000p\000y\000\040\000c\000i\000t\000o\000v\000\341\000n\000\355}{chapter.4}% 27
\BOOKMARK [1][-]{section.4.4}{\376\377\000C\000i\000t\000a\001\015\000n\000\355\000\040\000n\000o\000r\000m\000y}{chapter.4}% 28
\BOOKMARK [1][-]{section.4.5}{\376\377\000P\001\131\000\355\000k\000l\000a\000d\000y\000\040\000c\000i\000t\000a\000c\000\355}{chapter.4}% 29
\BOOKMARK [1][-]{section.4.6}{\376\377\000V\000y\000u\001\176\000i\000t\000\355\000\040\000e\000l\000e\000k\000t\000r\000o\000n\000i\000c\000k\000\375\000c\000h\000\040\000z\000d\000r\000o\000j\001\157}{chapter.4}% 30
\BOOKMARK [1][-]{section.4.7}{\376\377\000E\000v\000e\000r\000g\000r\000e\000e\000n\000:\000\040\000c\000i\000t\000o\000v\000\341\000n\000\355\000\040\000w\000e\000b\000u\000\040\000v\000s\000.\000\040\000p\000a\000p\000\355\000r\000u}{chapter.4}% 31
\BOOKMARK [1][-]{section.4.8}{\376\377\000S\000a\000z\000b\000a\000\040\000c\000i\000t\000a\000c\000\355}{chapter.4}% 32
\BOOKMARK [0][-]{chapter.5}{\376\377\000F\000o\000r\000m\000\341\000l\000n\000\355\000\040\000s\000t\000r\000\341\000n\000k\000a\000\040\000p\000r\000\341\000c\000e}{}% 33
\BOOKMARK [1][-]{section.5.1}{\376\377\001\014\000a\000s\000t\000\351\000\040\000c\000h\000y\000b\000y}{chapter.5}% 34
\BOOKMARK [0][-]{chapter.6}{\376\377\000O\000d\000e\000v\000z\000d\000\341\000n\000\355\000\040\000p\000r\000\341\000c\000e}{}% 35
\BOOKMARK [1][-]{section.6.1}{\376\377\000O\000d\000e\000v\000z\000d\000\341\000n\000\355\000\040\000l\000i\000s\000t\000i\000n\000n\000\351\000\040\000f\000o\000r\000m\000y\000\040\000p\000r\000\341\000c\000e}{chapter.6}% 36
\BOOKMARK [1][-]{section.6.2}{\376\377\000J\000a\000k\000\040\000o\000d\000e\000v\000z\000d\000a\000t\000\040\000p\000r\000\341\000c\000i\000\040\000v\000\040\000I\000S\000\040\000F\000I\000T}{chapter.6}% 37
\BOOKMARK [0][-]{chapter.7}{\376\377\000Z\000\341\000v\001\033\000r}{}% 38
\BOOKMARK [0][-]{chapter*.52}{\376\377\000L\000i\000t\000e\000r\000a\000t\000\372\000r\000a}{}% 39
\BOOKMARK [0][-]{appendix.A}{\376\377\000J\000a\000k\000\040\000p\000r\000a\000c\000o\000v\000a\000t\000\040\000s\000\040\000t\000o\000u\000t\000o\000\040\001\141\000a\000b\000l\000o\000n\000o\000u}{}% 40
\BOOKMARK [0][-]{appendix.B}{\376\377\000P\000s\000a\000n\000\355\000\040\000a\000n\000g\000l\000i\000c\000k\000\351\000h\000o\000\040\000t\000e\000x\000t\000u}{}% 41
\BOOKMARK [0][-]{appendix.C}{\376\377\000C\000h\000e\000c\000k\000l\000i\000s\000t}{}% 42
\BOOKMARK [0][-]{appendix.D}{\376\377\000L\000a\000T\000e\000X\000p\000r\000o\000\040\000z\000a\001\015\000\341\000t\000e\001\015\000n\000\355\000k\000y}{}% 43
